<?xml version="1.0" encoding="UTF-8"?>
<!-- Generated by org.testng.reporters.JUnitXMLReporter -->
<testsuite hostname="LWO-SHEETALR" ignored="3" name="0719_test" tests="1" failures="0" timestamp="2020-07-19T12:50:43 IST" time="0.048" errors="0">
  <testcase name="tiger" time="0.009" classname="TestNGPackage.GroupingTestMethods"/>
  <testcase name="cat" time="0.0" classname="TestNGPackage.GroupingTestMethods">
    <ignored/>
  </testcase> <!-- cat -->
  <testcase name="lion" time="0.0" classname="TestNGPackage.GroupingTestMethods">
    <ignored/>
  </testcase> <!-- lion -->
  <testcase name="dog" time="0.0" classname="TestNGPackage.GroupingTestMethods">
    <ignored/>
  </testcase> <!-- dog -->
</testsuite> <!-- 0719_test -->
