<?xml version="1.0" encoding="UTF-8"?>
<!-- Generated by org.testng.reporters.JUnitXMLReporter -->
<testsuite hostname="LWO-SHEETALR" ignored="0" name="Default test" tests="3" failures="0" timestamp="2020-07-19T14:25:53 IST" time="0.062" errors="0">
  <testcase name="ArrayAssert" time="0.02" classname="TestNGPackage.AssertAndReport"/>
  <testcase name="StringAssert" time="0.001" classname="TestNGPackage.AssertAndReport"/>
  <testcase name="IntAssert" time="0.001" classname="TestNGPackage.AssertAndReport"/>
</testsuite> <!-- Default test -->
