<?xml version="1.0" encoding="UTF-8"?>
<testng-results skipped="0" failed="0" ignored="0" total="1" passed="1">
  <reporter-output>
  </reporter-output>
  <suite name="Default suite" duration-ms="24381" started-at="2020-05-01T23:33:11 IST" finished-at="2020-05-01T23:33:35 IST">
    <groups>
    </groups>
    <test name="Default test" duration-ms="24381" started-at="2020-05-01T23:33:11 IST" finished-at="2020-05-01T23:33:35 IST">
      <class name="Package1.Sample">
        <test-method status="PASS" signature="main()[pri:0, instance:Package1.Sample@5abca1e0]" name="main" duration-ms="24318" started-at="2020-05-01T23:33:11 IST" finished-at="2020-05-01T23:33:35 IST">
          <reporter-output>
          </reporter-output>
        </test-method> <!-- main -->
      </class> <!-- Package1.Sample -->
    </test> <!-- Default test -->
  </suite> <!-- Default suite -->
</testng-results>
