<?xml version="1.0" encoding="UTF-8"?>
<!-- Generated by org.testng.reporters.JUnitXMLReporter -->
<testsuite hostname="LWO-SHEETALR" ignored="0" name="preserve test1" tests="4" failures="0" timestamp="2020-03-07T14:56:02 IST" time="0.062" errors="0">
  <testcase name="f1" time="0.012" classname="TestNGPackage.TestPreserve1"/>
  <testcase name="f2" time="0.002" classname="TestNGPackage.TestPreserve1"/>
  <testcase name="f1" time="0.001" classname="TestNGPackage.TestPreserve2"/>
  <testcase name="f2" time="0.002" classname="TestNGPackage.TestPreserve2"/>
</testsuite> <!-- preserve test1 -->
