<?xml version="1.0" encoding="UTF-8"?>
<!-- Generated by org.testng.reporters.JUnitXMLReporter -->
<testsuite hostname="LWO-SHEETALR" ignored="4" name="application1" tests="4" failures="0" timestamp="2020-03-06T18:47:48 IST" time="0.067" errors="0">
  <testcase name="f1" time="0.009" classname="TestNGPackage.TestClass1"/>
  <testcase name="f2" time="0.003" classname="TestNGPackage.TestClass1"/>
  <testcase name="f1" time="0.003" classname="TestNGPackage.TestClass2"/>
  <testcase name="f2" time="0.002" classname="TestNGPackage.TestClass2"/>
  <testcase name="@AfterTest afterTest" time="0.0" classname="Base.BaseClass">
    <ignored/>
  </testcase> <!-- @AfterTest afterTest -->
  <testcase name="@BeforeTest beforeTest" time="0.0" classname="Base.BaseClass">
    <ignored/>
  </testcase> <!-- @BeforeTest beforeTest -->
  <testcase name="@AfterSuite afterSuite" time="0.0" classname="Base.BaseClass">
    <ignored/>
  </testcase> <!-- @AfterSuite afterSuite -->
  <testcase name="@BeforeSuite beforeSuite" time="0.0" classname="Base.BaseClass">
    <ignored/>
  </testcase> <!-- @BeforeSuite beforeSuite -->
</testsuite> <!-- application1 -->
