<?xml version="1.0" encoding="UTF-8"?>
<!-- Generated by org.testng.reporters.JUnitXMLReporter -->
<testsuite hostname="LWO-SHEETALR" ignored="2" name="grouping application test" tests="2" failures="0" timestamp="2020-03-06T22:48:48 IST" time="0.031" errors="0">
  <testcase name="lion" time="0.003" classname="TestNGPackage.GroupingTestMethods"/>
  <testcase name="tiger" time="0.001" classname="TestNGPackage.GroupingTestMethods"/>
  <testcase name="cat" time="0.0" classname="TestNGPackage.GroupingTestMethods">
    <ignored/>
  </testcase> <!-- cat -->
  <testcase name="dog" time="0.0" classname="TestNGPackage.GroupingTestMethods">
    <ignored/>
  </testcase> <!-- dog -->
</testsuite> <!-- grouping application test -->
