<?xml version="1.0" encoding="UTF-8"?>
<!-- Generated by org.testng.reporters.JUnitXMLReporter -->
<testsuite hostname="LWO-SHEETALR" ignored="2" name="app test" tests="2" failures="0" timestamp="2020-07-19T12:43:27 IST" time="0.062" errors="0">
  <testcase name="lion" time="0.01" classname="TestNGPackage.GroupingTestMethods"/>
  <testcase name="tiger" time="0.002" classname="TestNGPackage.GroupingTestMethods"/>
  <testcase name="cat" time="0.0" classname="TestNGPackage.GroupingTestMethods">
    <ignored/>
  </testcase> <!-- cat -->
  <testcase name="dog" time="0.0" classname="TestNGPackage.GroupingTestMethods">
    <ignored/>
  </testcase> <!-- dog -->
</testsuite> <!-- app test -->
